<?xml version="1.0" encoding="UTF-8"?>
<!-- Generated by org.testng.reporters.JUnitReportReporter -->
<testsuite hostname="it-xiongyw" name="com.selenium.xyouwen.testcase.NewTest" tests="1" failures="0" timestamp="27 Nov 2018 01:35:35 GMT" time="0.012" errors="0">
  <testcase name="f" time="0.012" classname="com.selenium.xyouwen.testcase.NewTest"/>
</testsuite> <!-- com.selenium.xyouwen.testcase.NewTest -->
