<?xml version="1.0" encoding="UTF-8"?>
<!-- Generated by org.testng.reporters.JUnitReportReporter -->
<testsuite hostname="it-xiongyw" name="com.selenium.xyouwen.testcase.ApiTestCaseProcessor" tests="11" failures="0" timestamp="11 Dec 2018 09:17:26 GMT" time="1.615" errors="0">
  <testcase name="excuteTestCase" time="0.251" classname="com.selenium.xyouwen.testcase.ApiTestCaseProcessor"/>
  <testcase name="excuteTestCase" time="0.028" classname="com.selenium.xyouwen.testcase.ApiTestCaseProcessor"/>
  <testcase name="excuteTestCase" time="0.026" classname="com.selenium.xyouwen.testcase.ApiTestCaseProcessor"/>
  <testcase name="excuteTestCase" time="1.116" classname="com.selenium.xyouwen.testcase.ApiTestCaseProcessor"/>
  <testcase name="excuteTestCase" time="0.025" classname="com.selenium.xyouwen.testcase.ApiTestCaseProcessor"/>
  <testcase name="excuteTestCase" time="0.024" classname="com.selenium.xyouwen.testcase.ApiTestCaseProcessor"/>
  <testcase name="excuteTestCase" time="0.023" classname="com.selenium.xyouwen.testcase.ApiTestCaseProcessor"/>
  <testcase name="excuteTestCase" time="0.023" classname="com.selenium.xyouwen.testcase.ApiTestCaseProcessor"/>
  <testcase name="excuteTestCase" time="0.039" classname="com.selenium.xyouwen.testcase.ApiTestCaseProcessor"/>
  <testcase name="excuteTestCase" time="0.029" classname="com.selenium.xyouwen.testcase.ApiTestCaseProcessor"/>
  <testcase name="excuteTestCase" time="0.031" classname="com.selenium.xyouwen.testcase.ApiTestCaseProcessor"/>
</testsuite> <!-- com.selenium.xyouwen.testcase.ApiTestCaseProcessor -->
