<?xml version="1.0" encoding="UTF-8"?>
<!-- Generated by org.testng.reporters.JUnitReportReporter -->
<testsuite hostname="it-xiongyw" name="com.selenium.xyouwen.testcase.Register" tests="11" failures="0" timestamp="6 Dec 2018 08:13:16 GMT" time="2.280" errors="0">
  <testcase name="register" time="0.218" classname="com.selenium.xyouwen.testcase.Register"/>
  <testcase name="register" time="0.025" classname="com.selenium.xyouwen.testcase.Register"/>
  <testcase name="register" time="0.039" classname="com.selenium.xyouwen.testcase.Register"/>
  <testcase name="register" time="0.028" classname="com.selenium.xyouwen.testcase.Register"/>
  <testcase name="register" time="0.026" classname="com.selenium.xyouwen.testcase.Register"/>
  <testcase name="register" time="0.026" classname="com.selenium.xyouwen.testcase.Register"/>
  <testcase name="register" time="0.025" classname="com.selenium.xyouwen.testcase.Register"/>
  <testcase name="register" time="0.026" classname="com.selenium.xyouwen.testcase.Register"/>
  <testcase name="register" time="0.033" classname="com.selenium.xyouwen.testcase.Register"/>
  <testcase name="register" time="1.809" classname="com.selenium.xyouwen.testcase.Register"/>
  <testcase name="register" time="0.025" classname="com.selenium.xyouwen.testcase.Register"/>
</testsuite> <!-- com.selenium.xyouwen.testcase.Register -->
