<?xml version="1.0" encoding="UTF-8"?>
<!-- Generated by org.testng.reporters.JUnitReportReporter -->
<testsuite hostname="it-xiongyw" name="com.selenium.xyouwen.testcase.register2" tests="6" failures="0" timestamp="27 Nov 2018 08:43:14 GMT" time="4.829" errors="0">
  <testcase name="register" time="0.987" classname="com.selenium.xyouwen.testcase.register2"/>
  <testcase name="register" time="0.526" classname="com.selenium.xyouwen.testcase.register2"/>
  <testcase name="register" time="1.848" classname="com.selenium.xyouwen.testcase.register2"/>
  <testcase name="register" time="0.497" classname="com.selenium.xyouwen.testcase.register2"/>
  <testcase name="register" time="0.469" classname="com.selenium.xyouwen.testcase.register2"/>
  <testcase name="register" time="0.502" classname="com.selenium.xyouwen.testcase.register2"/>
</testsuite> <!-- com.selenium.xyouwen.testcase.register2 -->
