<?xml version="1.0" encoding="UTF-8" ?>
<testsuite tests="6" failures="2" name="TestSuite" time="56.657" errors="0" skipped="0">
  <properties>
    <property name="java.runtime.name" value="Java(TM) SE Runtime Environment"/>
    <property name="sun.boot.library.path" value="C:\Program Files\Java\jdk1.8.0_181\jre\bin"/>
    <property name="java.vm.version" value="25.181-b13"/>
    <property name="java.vm.vendor" value="Oracle Corporation"/>
    <property name="java.vendor.url" value="http://java.oracle.com/"/>
    <property name="path.separator" value=";"/>
    <property name="java.vm.name" value="Java HotSpot(TM) 64-Bit Server VM"/>
    <property name="file.encoding.pkg" value="sun.io"/>
    <property name="user.script" value=""/>
    <property name="user.country" value="CN"/>
    <property name="sun.java.launcher" value="SUN_STANDARD"/>
    <property name="sun.os.patch.level" value=""/>
    <property name="java.vm.specification.name" value="Java Virtual Machine Specification"/>
    <property name="user.dir" value="D:\xyouwen\02- study\web_automatic_framework_study"/>
    <property name="java.runtime.version" value="1.8.0_181-b13"/>
    <property name="java.awt.graphicsenv" value="sun.awt.Win32GraphicsEnvironment"/>
    <property name="basedir" value="D:\xyouwen\02- study\web_automatic_framework_study"/>
    <property name="java.endorsed.dirs" value="C:\Program Files\Java\jdk1.8.0_181\jre\lib\endorsed"/>
    <property name="os.arch" value="amd64"/>
    <property name="surefire.real.class.path" value="D:\xyouwen\02- study\web_automatic_framework_study\target\surefire\surefirebooter4169921159243905142.jar"/>
    <property name="java.io.tmpdir" value="C:\Users\51000765\AppData\Local\Temp\"/>
    <property name="line.separator" value="
"/>
    <property name="java.vm.specification.vendor" value="Oracle Corporation"/>
    <property name="user.variant" value=""/>
    <property name="os.name" value="Windows 10"/>
    <property name="sun.jnu.encoding" value="GBK"/>
    <property name="jnidispatch.path" value="C:\Users\51000765\AppData\Local\Temp\jna--162312542\jna939137107498106835.dll"/>
    <property name="java.library.path" value="C:\Program Files\Java\jdk1.8.0_181\jre\bin;C:\Windows\Sun\Java\bin;C:\Windows\system32;C:\Windows;C:/Program Files/Java/jre1.8.0_181/bin/server;C:/Program Files/Java/jre1.8.0_181/bin;C:/Program Files/Java/jre1.8.0_181/lib/amd64;C:\Program Files (x86)\Common Files\Oracle\Java\javapath;C:\Windows\system32;C:\Windows;C:\Windows\System32\Wbem;C:\Windows\System32\WindowsPowerShell\v1.0\;C:\Program Files\TortoiseSVN\bin;C:\Program Files\Java\jdk1.8.0_181\bin;C:\Program Files\Java\jdk1.8.0_181\jre\bin;C:\Program Files\Apache\maven\bin\;C:\Program Files\VisualSVN Server\bin;C:\Users\51000765\AppData\Local\Microsoft\WindowsApps;;D:\xyouwen\04- tools\eclipse-jee-2018-09-win32-x86_64\eclipse;;."/>
    <property name="surefire.test.class.path" value="D:\xyouwen\02- study\web_automatic_framework_study\target\test-classes;D:\xyouwen\02- study\web_automatic_framework_study\target\classes;C:\Users\51000765\.m2\repository\log4j\log4j\1.2.17\log4j-1.2.17.jar;C:\Users\51000765\.m2\repository\org\apache\maven\plugins\maven-resources-plugin\2.6\maven-resources-plugin-2.6.jar;C:\Users\51000765\.m2\repository\org\apache\maven\maven-plugin-api\2.0.6\maven-plugin-api-2.0.6.jar;C:\Users\51000765\.m2\repository\org\apache\maven\maven-project\2.0.6\maven-project-2.0.6.jar;C:\Users\51000765\.m2\repository\org\apache\maven\maven-profile\2.0.6\maven-profile-2.0.6.jar;C:\Users\51000765\.m2\repository\org\apache\maven\maven-artifact-manager\2.0.6\maven-artifact-manager-2.0.6.jar;C:\Users\51000765\.m2\repository\org\apache\maven\maven-plugin-registry\2.0.6\maven-plugin-registry-2.0.6.jar;C:\Users\51000765\.m2\repository\org\apache\maven\maven-core\2.0.6\maven-core-2.0.6.jar;C:\Users\51000765\.m2\repository\org\apache\maven\wagon\wagon-file\1.0-beta-2\wagon-file-1.0-beta-2.jar;C:\Users\51000765\.m2\repository\org\apache\maven\maven-plugin-parameter-documenter\2.0.6\maven-plugin-parameter-documenter-2.0.6.jar;C:\Users\51000765\.m2\repository\org\apache\maven\wagon\wagon-http-lightweight\1.0-beta-2\wagon-http-lightweight-1.0-beta-2.jar;C:\Users\51000765\.m2\repository\org\apache\maven\wagon\wagon-http-shared\1.0-beta-2\wagon-http-shared-1.0-beta-2.jar;C:\Users\51000765\.m2\repository\jtidy\jtidy\4aug2000r7-dev\jtidy-4aug2000r7-dev.jar;C:\Users\51000765\.m2\repository\org\apache\maven\reporting\maven-reporting-api\2.0.6\maven-reporting-api-2.0.6.jar;C:\Users\51000765\.m2\repository\org\apache\maven\doxia\doxia-sink-api\1.0-alpha-7\doxia-sink-api-1.0-alpha-7.jar;C:\Users\51000765\.m2\repository\org\apache\maven\wagon\wagon-provider-api\1.0-beta-2\wagon-provider-api-1.0-beta-2.jar;C:\Users\51000765\.m2\repository\org\apache\maven\maven-repository-metadata\2.0.6\maven-repository-metadata-2.0.6.jar;C:\Users\51000765\.m2\repository\org\apache\maven\maven-error-diagnostics\2.0.6\maven-error-diagnostics-2.0.6.jar;C:\Users\51000765\.m2\repository\commons-cli\commons-cli\1.0\commons-cli-1.0.jar;C:\Users\51000765\.m2\repository\org\apache\maven\wagon\wagon-ssh-external\1.0-beta-2\wagon-ssh-external-1.0-beta-2.jar;C:\Users\51000765\.m2\repository\org\apache\maven\wagon\wagon-ssh-common\1.0-beta-2\wagon-ssh-common-1.0-beta-2.jar;C:\Users\51000765\.m2\repository\org\apache\maven\maven-plugin-descriptor\2.0.6\maven-plugin-descriptor-2.0.6.jar;C:\Users\51000765\.m2\repository\org\codehaus\plexus\plexus-interactivity-api\1.0-alpha-4\plexus-interactivity-api-1.0-alpha-4.jar;C:\Users\51000765\.m2\repository\org\apache\maven\wagon\wagon-ssh\1.0-beta-2\wagon-ssh-1.0-beta-2.jar;C:\Users\51000765\.m2\repository\com\jcraft\jsch\0.1.27\jsch-0.1.27.jar;C:\Users\51000765\.m2\repository\classworlds\classworlds\1.1\classworlds-1.1.jar;C:\Users\51000765\.m2\repository\org\apache\maven\maven-artifact\2.0.6\maven-artifact-2.0.6.jar;C:\Users\51000765\.m2\repository\org\apache\maven\maven-settings\2.0.6\maven-settings-2.0.6.jar;C:\Users\51000765\.m2\repository\org\apache\maven\maven-model\2.0.6\maven-model-2.0.6.jar;C:\Users\51000765\.m2\repository\org\apache\maven\maven-monitor\2.0.6\maven-monitor-2.0.6.jar;C:\Users\51000765\.m2\repository\org\codehaus\plexus\plexus-container-default\1.0-alpha-9-stable-1\plexus-container-default-1.0-alpha-9-stable-1.jar;C:\Users\51000765\.m2\repository\junit\junit\3.8.1\junit-3.8.1.jar;C:\Users\51000765\.m2\repository\org\codehaus\plexus\plexus-utils\2.0.5\plexus-utils-2.0.5.jar;C:\Users\51000765\.m2\repository\org\apache\maven\shared\maven-filtering\1.1\maven-filtering-1.1.jar;C:\Users\51000765\.m2\repository\org\sonatype\plexus\plexus-build-api\0.0.4\plexus-build-api-0.0.4.jar;C:\Users\51000765\.m2\repository\org\codehaus\plexus\plexus-interpolation\1.13\plexus-interpolation-1.13.jar;C:\Users\51000765\.m2\repository\dom4j\dom4j\1.6.1\dom4j-1.6.1.jar;C:\Users\51000765\.m2\repository\mysql\mysql-connector-java\6.0.6\mysql-connector-java-6.0.6.jar;C:\Users\51000765\.m2\repository\org\testng\testng\6.8.8\testng-6.8.8.jar;C:\Users\51000765\.m2\repository\org\beanshell\bsh\2.0b4\bsh-2.0b4.jar;C:\Users\51000765\.m2\repository\com\beust\jcommander\1.27\jcommander-1.27.jar;C:\Users\51000765\.m2\repository\xml-apis\xml-apis\1.4.01\xml-apis-1.4.01.jar;C:\Users\51000765\.m2\repository\org\seleniumhq\selenium\selenium-java\2.53.1\selenium-java-2.53.1.jar;C:\Users\51000765\.m2\repository\org\seleniumhq\selenium\selenium-chrome-driver\2.53.1\selenium-chrome-driver-2.53.1.jar;C:\Users\51000765\.m2\repository\org\seleniumhq\selenium\selenium-remote-driver\2.53.1\selenium-remote-driver-2.53.1.jar;C:\Users\51000765\.m2\repository\cglib\cglib-nodep\2.1_3\cglib-nodep-2.1_3.jar;C:\Users\51000765\.m2\repository\com\google\code\gson\gson\2.3.1\gson-2.3.1.jar;C:\Users\51000765\.m2\repository\org\seleniumhq\selenium\selenium-api\2.53.1\selenium-api-2.53.1.jar;C:\Users\51000765\.m2\repository\org\apache\httpcomponents\httpclient\4.5.1\httpclient-4.5.1.jar;C:\Users\51000765\.m2\repository\org\apache\httpcomponents\httpcore\4.4.3\httpcore-4.4.3.jar;C:\Users\51000765\.m2\repository\org\seleniumhq\selenium\selenium-edge-driver\2.53.1\selenium-edge-driver-2.53.1.jar;C:\Users\51000765\.m2\repository\commons-io\commons-io\2.4\commons-io-2.4.jar;C:\Users\51000765\.m2\repository\org\apache\commons\commons-exec\1.3\commons-exec-1.3.jar;C:\Users\51000765\.m2\repository\org\seleniumhq\selenium\htmlunit-driver\2.21\htmlunit-driver-2.21.jar;C:\Users\51000765\.m2\repository\net\sourceforge\htmlunit\htmlunit\2.21\htmlunit-2.21.jar;C:\Users\51000765\.m2\repository\xalan\xalan\2.7.2\xalan-2.7.2.jar;C:\Users\51000765\.m2\repository\xalan\serializer\2.7.2\serializer-2.7.2.jar;C:\Users\51000765\.m2\repository\org\apache\commons\commons-lang3\3.4\commons-lang3-3.4.jar;C:\Users\51000765\.m2\repository\org\apache\httpcomponents\httpmime\4.5.2\httpmime-4.5.2.jar;C:\Users\51000765\.m2\repository\net\sourceforge\htmlunit\htmlunit-core-js\2.17\htmlunit-core-js-2.17.jar;C:\Users\51000765\.m2\repository\net\sourceforge\htmlunit\neko-htmlunit\2.21\neko-htmlunit-2.21.jar;C:\Users\51000765\.m2\repository\xerces\xercesImpl\2.11.0\xercesImpl-2.11.0.jar;C:\Users\51000765\.m2\repository\net\sourceforge\cssparser\cssparser\0.9.18\cssparser-0.9.18.jar;C:\Users\51000765\.m2\repository\org\w3c\css\sac\1.3\sac-1.3.jar;C:\Users\51000765\.m2\repository\commons-logging\commons-logging\1.2\commons-logging-1.2.jar;C:\Users\51000765\.m2\repository\org\eclipse\jetty\websocket\websocket-client\9.2.15.v20160210\websocket-client-9.2.15.v20160210.jar;C:\Users\51000765\.m2\repository\org\eclipse\jetty\jetty-util\9.2.15.v20160210\jetty-util-9.2.15.v20160210.jar;C:\Users\51000765\.m2\repository\org\eclipse\jetty\jetty-io\9.2.15.v20160210\jetty-io-9.2.15.v20160210.jar;C:\Users\51000765\.m2\repository\org\eclipse\jetty\websocket\websocket-common\9.2.15.v20160210\websocket-common-9.2.15.v20160210.jar;C:\Users\51000765\.m2\repository\org\eclipse\jetty\websocket\websocket-api\9.2.15.v20160210\websocket-api-9.2.15.v20160210.jar;C:\Users\51000765\.m2\repository\commons-collections\commons-collections\3.2.2\commons-collections-3.2.2.jar;C:\Users\51000765\.m2\repository\org\seleniumhq\selenium\selenium-firefox-driver\2.53.1\selenium-firefox-driver-2.53.1.jar;C:\Users\51000765\.m2\repository\org\seleniumhq\selenium\selenium-ie-driver\2.53.1\selenium-ie-driver-2.53.1.jar;C:\Users\51000765\.m2\repository\net\java\dev\jna\jna\4.1.0\jna-4.1.0.jar;C:\Users\51000765\.m2\repository\net\java\dev\jna\jna-platform\4.1.0\jna-platform-4.1.0.jar;C:\Users\51000765\.m2\repository\org\seleniumhq\selenium\selenium-safari-driver\2.53.1\selenium-safari-driver-2.53.1.jar;C:\Users\51000765\.m2\repository\io\netty\netty\3.5.7.Final\netty-3.5.7.Final.jar;C:\Users\51000765\.m2\repository\org\seleniumhq\selenium\selenium-support\2.53.1\selenium-support-2.53.1.jar;C:\Users\51000765\.m2\repository\org\seleniumhq\selenium\selenium-leg-rc\2.53.1\selenium-leg-rc-2.53.1.jar;C:\Users\51000765\.m2\repository\org\apache\poi\poi-ooxml\3.15\poi-ooxml-3.15.jar;C:\Users\51000765\.m2\repository\org\apache\poi\poi\3.15\poi-3.15.jar;C:\Users\51000765\.m2\repository\commons-codec\commons-codec\1.10\commons-codec-1.10.jar;C:\Users\51000765\.m2\repository\org\apache\commons\commons-collections4\4.1\commons-collections4-4.1.jar;C:\Users\51000765\.m2\repository\org\apache\poi\poi-ooxml-schemas\3.15\poi-ooxml-schemas-3.15.jar;C:\Users\51000765\.m2\repository\org\apache\xmlbeans\xmlbeans\2.6.0\xmlbeans-2.6.0.jar;C:\Users\51000765\.m2\repository\stax\stax-api\1.0.1\stax-api-1.0.1.jar;C:\Users\51000765\.m2\repository\com\github\virtuald\curvesapi\1.04\curvesapi-1.04.jar;C:\Users\51000765\.m2\repository\org\apache\maven\plugins\maven-compiler-plugin\3.5.1\maven-compiler-plugin-3.5.1.jar;C:\Users\51000765\.m2\repository\org\apache\maven\maven-toolchain\2.2.1\maven-toolchain-2.2.1.jar;C:\Users\51000765\.m2\repository\org\apache\maven\shared\maven-shared-utils\3.0.0\maven-shared-utils-3.0.0.jar;C:\Users\51000765\.m2\repository\com\google\code\findbugs\jsr305\2.0.1\jsr305-2.0.1.jar;C:\Users\51000765\.m2\repository\org\apache\maven\shared\maven-shared-incremental\1.1\maven-shared-incremental-1.1.jar;C:\Users\51000765\.m2\repository\org\codehaus\plexus\plexus-component-annotations\1.5.5\plexus-component-annotations-1.5.5.jar;C:\Users\51000765\.m2\repository\org\codehaus\plexus\plexus-compiler-api\2.7\plexus-compiler-api-2.7.jar;C:\Users\51000765\.m2\repository\org\codehaus\plexus\plexus-compiler-manager\2.7\plexus-compiler-manager-2.7.jar;C:\Users\51000765\.m2\repository\org\codehaus\plexus\plexus-compiler-javac\2.7\plexus-compiler-javac-2.7.jar;C:\Users\51000765\.m2\repository\org\uncommons\reportng\1.1.4\reportng-1.1.4.jar;C:\Users\51000765\.m2\repository\velocity\velocity\1.4\velocity-1.4.jar;C:\Users\51000765\.m2\repository\velocity\velocity-dep\1.4\velocity-dep-1.4.jar;C:\Users\51000765\.m2\repository\com\google\inject\guice\4.0-beta5\guice-4.0-beta5.jar;C:\Users\51000765\.m2\repository\javax\inject\javax.inject\1\javax.inject-1.jar;C:\Users\51000765\.m2\repository\aopalliance\aopalliance\1.0\aopalliance-1.0.jar;C:\Users\51000765\.m2\repository\com\google\guava\guava\16.0.1\guava-16.0.1.jar;"/>
    <property name="java.specification.name" value="Java Platform API Specification"/>
    <property name="java.class.version" value="52.0"/>
    <property name="sun.management.compiler" value="HotSpot 64-Bit Tiered Compilers"/>
    <property name="os.version" value="10.0"/>
    <property name="webdriver.firefox.bin" value="C:\Program Files (x86)\Mozilla Firefox\firefox.exe"/>
    <property name="user.home" value="C:\Users\51000765"/>
    <property name="user.timezone" value="Asia/Shanghai"/>
    <property name="java.awt.printerjob" value="sun.awt.windows.WPrinterJob"/>
    <property name="java.specification.version" value="1.8"/>
    <property name="file.encoding" value="UTF-8"/>
    <property name="user.name" value="51000765"/>
    <property name="java.class.path" value="D:\xyouwen\02- study\web_automatic_framework_study\target\test-classes;D:\xyouwen\02- study\web_automatic_framework_study\target\classes;C:\Users\51000765\.m2\repository\log4j\log4j\1.2.17\log4j-1.2.17.jar;C:\Users\51000765\.m2\repository\org\apache\maven\plugins\maven-resources-plugin\2.6\maven-resources-plugin-2.6.jar;C:\Users\51000765\.m2\repository\org\apache\maven\maven-plugin-api\2.0.6\maven-plugin-api-2.0.6.jar;C:\Users\51000765\.m2\repository\org\apache\maven\maven-project\2.0.6\maven-project-2.0.6.jar;C:\Users\51000765\.m2\repository\org\apache\maven\maven-profile\2.0.6\maven-profile-2.0.6.jar;C:\Users\51000765\.m2\repository\org\apache\maven\maven-artifact-manager\2.0.6\maven-artifact-manager-2.0.6.jar;C:\Users\51000765\.m2\repository\org\apache\maven\maven-plugin-registry\2.0.6\maven-plugin-registry-2.0.6.jar;C:\Users\51000765\.m2\repository\org\apache\maven\maven-core\2.0.6\maven-core-2.0.6.jar;C:\Users\51000765\.m2\repository\org\apache\maven\wagon\wagon-file\1.0-beta-2\wagon-file-1.0-beta-2.jar;C:\Users\51000765\.m2\repository\org\apache\maven\maven-plugin-parameter-documenter\2.0.6\maven-plugin-parameter-documenter-2.0.6.jar;C:\Users\51000765\.m2\repository\org\apache\maven\wagon\wagon-http-lightweight\1.0-beta-2\wagon-http-lightweight-1.0-beta-2.jar;C:\Users\51000765\.m2\repository\org\apache\maven\wagon\wagon-http-shared\1.0-beta-2\wagon-http-shared-1.0-beta-2.jar;C:\Users\51000765\.m2\repository\jtidy\jtidy\4aug2000r7-dev\jtidy-4aug2000r7-dev.jar;C:\Users\51000765\.m2\repository\org\apache\maven\reporting\maven-reporting-api\2.0.6\maven-reporting-api-2.0.6.jar;C:\Users\51000765\.m2\repository\org\apache\maven\doxia\doxia-sink-api\1.0-alpha-7\doxia-sink-api-1.0-alpha-7.jar;C:\Users\51000765\.m2\repository\org\apache\maven\wagon\wagon-provider-api\1.0-beta-2\wagon-provider-api-1.0-beta-2.jar;C:\Users\51000765\.m2\repository\org\apache\maven\maven-repository-metadata\2.0.6\maven-repository-metadata-2.0.6.jar;C:\Users\51000765\.m2\repository\org\apache\maven\maven-error-diagnostics\2.0.6\maven-error-diagnostics-2.0.6.jar;C:\Users\51000765\.m2\repository\commons-cli\commons-cli\1.0\commons-cli-1.0.jar;C:\Users\51000765\.m2\repository\org\apache\maven\wagon\wagon-ssh-external\1.0-beta-2\wagon-ssh-external-1.0-beta-2.jar;C:\Users\51000765\.m2\repository\org\apache\maven\wagon\wagon-ssh-common\1.0-beta-2\wagon-ssh-common-1.0-beta-2.jar;C:\Users\51000765\.m2\repository\org\apache\maven\maven-plugin-descriptor\2.0.6\maven-plugin-descriptor-2.0.6.jar;C:\Users\51000765\.m2\repository\org\codehaus\plexus\plexus-interactivity-api\1.0-alpha-4\plexus-interactivity-api-1.0-alpha-4.jar;C:\Users\51000765\.m2\repository\org\apache\maven\wagon\wagon-ssh\1.0-beta-2\wagon-ssh-1.0-beta-2.jar;C:\Users\51000765\.m2\repository\com\jcraft\jsch\0.1.27\jsch-0.1.27.jar;C:\Users\51000765\.m2\repository\classworlds\classworlds\1.1\classworlds-1.1.jar;C:\Users\51000765\.m2\repository\org\apache\maven\maven-artifact\2.0.6\maven-artifact-2.0.6.jar;C:\Users\51000765\.m2\repository\org\apache\maven\maven-settings\2.0.6\maven-settings-2.0.6.jar;C:\Users\51000765\.m2\repository\org\apache\maven\maven-model\2.0.6\maven-model-2.0.6.jar;C:\Users\51000765\.m2\repository\org\apache\maven\maven-monitor\2.0.6\maven-monitor-2.0.6.jar;C:\Users\51000765\.m2\repository\org\codehaus\plexus\plexus-container-default\1.0-alpha-9-stable-1\plexus-container-default-1.0-alpha-9-stable-1.jar;C:\Users\51000765\.m2\repository\junit\junit\3.8.1\junit-3.8.1.jar;C:\Users\51000765\.m2\repository\org\codehaus\plexus\plexus-utils\2.0.5\plexus-utils-2.0.5.jar;C:\Users\51000765\.m2\repository\org\apache\maven\shared\maven-filtering\1.1\maven-filtering-1.1.jar;C:\Users\51000765\.m2\repository\org\sonatype\plexus\plexus-build-api\0.0.4\plexus-build-api-0.0.4.jar;C:\Users\51000765\.m2\repository\org\codehaus\plexus\plexus-interpolation\1.13\plexus-interpolation-1.13.jar;C:\Users\51000765\.m2\repository\dom4j\dom4j\1.6.1\dom4j-1.6.1.jar;C:\Users\51000765\.m2\repository\mysql\mysql-connector-java\6.0.6\mysql-connector-java-6.0.6.jar;C:\Users\51000765\.m2\repository\org\testng\testng\6.8.8\testng-6.8.8.jar;C:\Users\51000765\.m2\repository\org\beanshell\bsh\2.0b4\bsh-2.0b4.jar;C:\Users\51000765\.m2\repository\com\beust\jcommander\1.27\jcommander-1.27.jar;C:\Users\51000765\.m2\repository\xml-apis\xml-apis\1.4.01\xml-apis-1.4.01.jar;C:\Users\51000765\.m2\repository\org\seleniumhq\selenium\selenium-java\2.53.1\selenium-java-2.53.1.jar;C:\Users\51000765\.m2\repository\org\seleniumhq\selenium\selenium-chrome-driver\2.53.1\selenium-chrome-driver-2.53.1.jar;C:\Users\51000765\.m2\repository\org\seleniumhq\selenium\selenium-remote-driver\2.53.1\selenium-remote-driver-2.53.1.jar;C:\Users\51000765\.m2\repository\cglib\cglib-nodep\2.1_3\cglib-nodep-2.1_3.jar;C:\Users\51000765\.m2\repository\com\google\code\gson\gson\2.3.1\gson-2.3.1.jar;C:\Users\51000765\.m2\repository\org\seleniumhq\selenium\selenium-api\2.53.1\selenium-api-2.53.1.jar;C:\Users\51000765\.m2\repository\org\apache\httpcomponents\httpclient\4.5.1\httpclient-4.5.1.jar;C:\Users\51000765\.m2\repository\org\apache\httpcomponents\httpcore\4.4.3\httpcore-4.4.3.jar;C:\Users\51000765\.m2\repository\org\seleniumhq\selenium\selenium-edge-driver\2.53.1\selenium-edge-driver-2.53.1.jar;C:\Users\51000765\.m2\repository\commons-io\commons-io\2.4\commons-io-2.4.jar;C:\Users\51000765\.m2\repository\org\apache\commons\commons-exec\1.3\commons-exec-1.3.jar;C:\Users\51000765\.m2\repository\org\seleniumhq\selenium\htmlunit-driver\2.21\htmlunit-driver-2.21.jar;C:\Users\51000765\.m2\repository\net\sourceforge\htmlunit\htmlunit\2.21\htmlunit-2.21.jar;C:\Users\51000765\.m2\repository\xalan\xalan\2.7.2\xalan-2.7.2.jar;C:\Users\51000765\.m2\repository\xalan\serializer\2.7.2\serializer-2.7.2.jar;C:\Users\51000765\.m2\repository\org\apache\commons\commons-lang3\3.4\commons-lang3-3.4.jar;C:\Users\51000765\.m2\repository\org\apache\httpcomponents\httpmime\4.5.2\httpmime-4.5.2.jar;C:\Users\51000765\.m2\repository\net\sourceforge\htmlunit\htmlunit-core-js\2.17\htmlunit-core-js-2.17.jar;C:\Users\51000765\.m2\repository\net\sourceforge\htmlunit\neko-htmlunit\2.21\neko-htmlunit-2.21.jar;C:\Users\51000765\.m2\repository\xerces\xercesImpl\2.11.0\xercesImpl-2.11.0.jar;C:\Users\51000765\.m2\repository\net\sourceforge\cssparser\cssparser\0.9.18\cssparser-0.9.18.jar;C:\Users\51000765\.m2\repository\org\w3c\css\sac\1.3\sac-1.3.jar;C:\Users\51000765\.m2\repository\commons-logging\commons-logging\1.2\commons-logging-1.2.jar;C:\Users\51000765\.m2\repository\org\eclipse\jetty\websocket\websocket-client\9.2.15.v20160210\websocket-client-9.2.15.v20160210.jar;C:\Users\51000765\.m2\repository\org\eclipse\jetty\jetty-util\9.2.15.v20160210\jetty-util-9.2.15.v20160210.jar;C:\Users\51000765\.m2\repository\org\eclipse\jetty\jetty-io\9.2.15.v20160210\jetty-io-9.2.15.v20160210.jar;C:\Users\51000765\.m2\repository\org\eclipse\jetty\websocket\websocket-common\9.2.15.v20160210\websocket-common-9.2.15.v20160210.jar;C:\Users\51000765\.m2\repository\org\eclipse\jetty\websocket\websocket-api\9.2.15.v20160210\websocket-api-9.2.15.v20160210.jar;C:\Users\51000765\.m2\repository\commons-collections\commons-collections\3.2.2\commons-collections-3.2.2.jar;C:\Users\51000765\.m2\repository\org\seleniumhq\selenium\selenium-firefox-driver\2.53.1\selenium-firefox-driver-2.53.1.jar;C:\Users\51000765\.m2\repository\org\seleniumhq\selenium\selenium-ie-driver\2.53.1\selenium-ie-driver-2.53.1.jar;C:\Users\51000765\.m2\repository\net\java\dev\jna\jna\4.1.0\jna-4.1.0.jar;C:\Users\51000765\.m2\repository\net\java\dev\jna\jna-platform\4.1.0\jna-platform-4.1.0.jar;C:\Users\51000765\.m2\repository\org\seleniumhq\selenium\selenium-safari-driver\2.53.1\selenium-safari-driver-2.53.1.jar;C:\Users\51000765\.m2\repository\io\netty\netty\3.5.7.Final\netty-3.5.7.Final.jar;C:\Users\51000765\.m2\repository\org\seleniumhq\selenium\selenium-support\2.53.1\selenium-support-2.53.1.jar;C:\Users\51000765\.m2\repository\org\seleniumhq\selenium\selenium-leg-rc\2.53.1\selenium-leg-rc-2.53.1.jar;C:\Users\51000765\.m2\repository\org\apache\poi\poi-ooxml\3.15\poi-ooxml-3.15.jar;C:\Users\51000765\.m2\repository\org\apache\poi\poi\3.15\poi-3.15.jar;C:\Users\51000765\.m2\repository\commons-codec\commons-codec\1.10\commons-codec-1.10.jar;C:\Users\51000765\.m2\repository\org\apache\commons\commons-collections4\4.1\commons-collections4-4.1.jar;C:\Users\51000765\.m2\repository\org\apache\poi\poi-ooxml-schemas\3.15\poi-ooxml-schemas-3.15.jar;C:\Users\51000765\.m2\repository\org\apache\xmlbeans\xmlbeans\2.6.0\xmlbeans-2.6.0.jar;C:\Users\51000765\.m2\repository\stax\stax-api\1.0.1\stax-api-1.0.1.jar;C:\Users\51000765\.m2\repository\com\github\virtuald\curvesapi\1.04\curvesapi-1.04.jar;C:\Users\51000765\.m2\repository\org\apache\maven\plugins\maven-compiler-plugin\3.5.1\maven-compiler-plugin-3.5.1.jar;C:\Users\51000765\.m2\repository\org\apache\maven\maven-toolchain\2.2.1\maven-toolchain-2.2.1.jar;C:\Users\51000765\.m2\repository\org\apache\maven\shared\maven-shared-utils\3.0.0\maven-shared-utils-3.0.0.jar;C:\Users\51000765\.m2\repository\com\google\code\findbugs\jsr305\2.0.1\jsr305-2.0.1.jar;C:\Users\51000765\.m2\repository\org\apache\maven\shared\maven-shared-incremental\1.1\maven-shared-incremental-1.1.jar;C:\Users\51000765\.m2\repository\org\codehaus\plexus\plexus-component-annotations\1.5.5\plexus-component-annotations-1.5.5.jar;C:\Users\51000765\.m2\repository\org\codehaus\plexus\plexus-compiler-api\2.7\plexus-compiler-api-2.7.jar;C:\Users\51000765\.m2\repository\org\codehaus\plexus\plexus-compiler-manager\2.7\plexus-compiler-manager-2.7.jar;C:\Users\51000765\.m2\repository\org\codehaus\plexus\plexus-compiler-javac\2.7\plexus-compiler-javac-2.7.jar;C:\Users\51000765\.m2\repository\org\uncommons\reportng\1.1.4\reportng-1.1.4.jar;C:\Users\51000765\.m2\repository\velocity\velocity\1.4\velocity-1.4.jar;C:\Users\51000765\.m2\repository\velocity\velocity-dep\1.4\velocity-dep-1.4.jar;C:\Users\51000765\.m2\repository\com\google\inject\guice\4.0-beta5\guice-4.0-beta5.jar;C:\Users\51000765\.m2\repository\javax\inject\javax.inject\1\javax.inject-1.jar;C:\Users\51000765\.m2\repository\aopalliance\aopalliance\1.0\aopalliance-1.0.jar;C:\Users\51000765\.m2\repository\com\google\guava\guava\16.0.1\guava-16.0.1.jar;"/>
    <property name="java.vm.specification.version" value="1.8"/>
    <property name="sun.arch.data.model" value="64"/>
    <property name="java.home" value="C:\Program Files\Java\jdk1.8.0_181\jre"/>
    <property name="sun.java.command" value="D:\xyouwen\02- study\web_automatic_framework_study\target\surefire\surefirebooter4169921159243905142.jar D:\xyouwen\02- study\web_automatic_framework_study\target\surefire\surefire3212904450009639704tmp D:\xyouwen\02- study\web_automatic_framework_study\target\surefire\surefire6454081060021099357tmp"/>
    <property name="java.specification.vendor" value="Oracle Corporation"/>
    <property name="user.language" value="zh"/>
    <property name="awt.toolkit" value="sun.awt.windows.WToolkit"/>
    <property name="java.vm.info" value="mixed mode"/>
    <property name="java.version" value="1.8.0_181"/>
    <property name="java.ext.dirs" value="C:\Program Files\Java\jdk1.8.0_181\jre\lib\ext;C:\Windows\Sun\Java\lib\ext"/>
    <property name="sun.boot.class.path" value="C:\Program Files\Java\jdk1.8.0_181\jre\lib\resources.jar;C:\Program Files\Java\jdk1.8.0_181\jre\lib\rt.jar;C:\Program Files\Java\jdk1.8.0_181\jre\lib\sunrsasign.jar;C:\Program Files\Java\jdk1.8.0_181\jre\lib\jsse.jar;C:\Program Files\Java\jdk1.8.0_181\jre\lib\jce.jar;C:\Program Files\Java\jdk1.8.0_181\jre\lib\charsets.jar;C:\Program Files\Java\jdk1.8.0_181\jre\lib\jfr.jar;C:\Program Files\Java\jdk1.8.0_181\jre\classes"/>
    <property name="java.vendor" value="Oracle Corporation"/>
    <property name="org.uncommons.reportng.escape-output" value="false"/>
    <property name="localRepository" value="C:\Users\51000765\.m2\repository"/>
    <property name="file.separator" value="\"/>
    <property name="java.vendor.url.bug" value="http://bugreport.sun.com/bugreport/"/>
    <property name="sun.cpu.endian" value="little"/>
    <property name="sun.io.unicode.encoding" value="UnicodeLittle"/>
    <property name="sun.desktop" value="windows"/>
    <property name="sun.cpu.isalist" value="amd64"/>
  </properties>
  <testcase classname="com.selenium.xyouwen.testcase.RegisterTest" name="failureTest" time="5.678">
    <failure message="expected [手机号不能为空] but found [用户名不能为空]" type="java.lang.AssertionError">java.lang.AssertionError: expected [手机号不能为空] but found [用户名不能为空]
	at org.testng.Assert.fail(Assert.java:94)
	at org.testng.Assert.failNotEquals(Assert.java:494)
	at org.testng.Assert.assertEquals(Assert.java:123)
	at org.testng.Assert.assertEquals(Assert.java:176)
	at org.testng.Assert.assertEquals(Assert.java:186)
	at com.selenium.xyouwen.testcase.RegisterTest.failureTest(RegisterTest.java:36)
</failure>
    <system-out>@HL
@HL-------------------------------------------------------
@HL T E S T S
@HL-------------------------------------------------------
@SLRunning TestSuite
[INFO ] 2018-10-11 16:42:48,340 method:com.selenium.xyouwen.base.DriverBase.beforeSuite(DriverBase.java:36)
正在启动【firefox】浏览器
[INFO ] 2018-10-11 16:42:55,582 method:com.selenium.xyouwen.base.DriverBase.to(DriverBase.java:226)
正在打开【url=http://39.108.136.60:8085/lmcanon_web_auto/mng/register.html】的网页
[INFO ] 2018-10-11 16:43:00,558 method:com.selenium.xyouwen.base.DriverBase.getWebElement(DriverBase.java:177)
正在以【id.(&quot;mobilephone&quot;)】的方式，查找【用户名】的元素
[INFO ] 2018-10-11 16:43:00,722 method:com.selenium.xyouwen.base.DriverBase.getWebElement(DriverBase.java:177)
正在以【id.(&quot;password&quot;)】的方式，查找【密码】的元素
[INFO ] 2018-10-11 16:43:00,815 method:com.selenium.xyouwen.base.DriverBase.getWebElement(DriverBase.java:177)
正在以【id.(&quot;pwdconfirm&quot;)】的方式，查找【确认密码】的元素
[INFO ] 2018-10-11 16:43:00,909 method:com.selenium.xyouwen.base.DriverBase.getWebElement(DriverBase.java:177)
正在以【id.(&quot;signup-button&quot;)】的方式，查找【注册按钮】的元素
[INFO ] 2018-10-11 16:43:01,157 method:com.selenium.xyouwen.base.DriverBase.getWebElement(DriverBase.java:177)
正在以【className.(&quot;tips&quot;)】的方式，查找【实际结果】的元素
</system-out>
  </testcase>
  <testcase classname="com.selenium.xyouwen.testcase.RegisterTest" name="failureTest" time="2.693">
    <failure message="expected [非法手机号] but found [非法的手机号]" type="java.lang.AssertionError">java.lang.AssertionError: expected [非法手机号] but found [非法的手机号]
	at org.testng.Assert.fail(Assert.java:94)
	at org.testng.Assert.failNotEquals(Assert.java:494)
	at org.testng.Assert.assertEquals(Assert.java:123)
	at org.testng.Assert.assertEquals(Assert.java:176)
	at org.testng.Assert.assertEquals(Assert.java:186)
	at com.selenium.xyouwen.testcase.RegisterTest.failureTest(RegisterTest.java:36)
</failure>
    <system-out>[INFO ] 2018-10-11 16:43:01,264 method:com.selenium.xyouwen.listner.FailureListner.onTestFailure(FailureListner.java:34)
正在将失败用例截图，并保存至【D:\xyouwen\02- study\web_automatic_framework_study\target\surefire-reports\screenshot\SeleniumUtilTest】目录
[INFO ] 2018-10-11 16:43:01,545 method:com.selenium.xyouwen.listner.FailureListner.onTestFailure(FailureListner.java:40)
错误截图的完整路径为：【D:\xyouwen\02- study\web_automatic_framework_study\target\surefire-reports\screenshot\SeleniumUtilTest\1539247381523.jpg】
[INFO ] 2018-10-11 16:43:01,546 method:com.selenium.xyouwen.listner.FailureListner.onTestFailure(FailureListner.java:59)
错误截图的地址为：【http://127.0.0.1:7777/screenshot/SeleniumUtilTest/1539247381523.jpg】
[INFO ] 2018-10-11 16:43:05,950 method:com.selenium.xyouwen.base.DriverBase.to(DriverBase.java:226)
正在打开【url=http://39.108.136.60:8085/lmcanon_web_auto/mng/register.html】的网页
[INFO ] 2018-10-11 16:43:07,977 method:com.selenium.xyouwen.base.DriverBase.getWebElement(DriverBase.java:177)
正在以【id.(&quot;mobilephone&quot;)】的方式，查找【用户名】的元素
[INFO ] 2018-10-11 16:43:08,102 method:com.selenium.xyouwen.base.DriverBase.getWebElement(DriverBase.java:177)
正在以【id.(&quot;password&quot;)】的方式，查找【密码】的元素
[INFO ] 2018-10-11 16:43:08,273 method:com.selenium.xyouwen.base.DriverBase.getWebElement(DriverBase.java:177)
正在以【id.(&quot;pwdconfirm&quot;)】的方式，查找【确认密码】的元素
[INFO ] 2018-10-11 16:43:08,364 method:com.selenium.xyouwen.base.DriverBase.getWebElement(DriverBase.java:177)
正在以【id.(&quot;signup-button&quot;)】的方式，查找【注册按钮】的元素
[INFO ] 2018-10-11 16:43:08,554 method:com.selenium.xyouwen.base.DriverBase.getWebElement(DriverBase.java:177)
正在以【className.(&quot;tips&quot;)】的方式，查找【实际结果】的元素
</system-out>
  </testcase>
  <testcase classname="com.selenium.xyouwen.testcase.RegisterTest" name="failureTest" time="2.524"/>
  <testcase classname="com.selenium.xyouwen.testcase.RegisterTest" name="failureTest" time="2.603"/>
  <testcase classname="com.selenium.xyouwen.testcase.RegisterTest" name="failureTest" time="2.631"/>
  <testcase classname="com.selenium.xyouwen.testcase.RegisterTest" name="failureTest" time="2.537"/>
</testsuite>